  compilation object save succeeded; see D:\COMPUTER GAMES TECHNOLOGY\year 3\2021-22\ASSESSMENTS 2021-22\cmp301_coursework-1900264-f577dd01fab0da17e194f99d2bd6c40f069318cc\Coursework\Coursework\bloom_ps.cso
  compilation object save succeeded; see D:\COMPUTER GAMES TECHNOLOGY\year 3\2021-22\ASSESSMENTS 2021-22\cmp301_coursework-1900264-f577dd01fab0da17e194f99d2bd6c40f069318cc\Coursework\Coursework\depthCube_gs.cso
  compilation object save succeeded; see D:\COMPUTER GAMES TECHNOLOGY\year 3\2021-22\ASSESSMENTS 2021-22\cmp301_coursework-1900264-f577dd01fab0da17e194f99d2bd6c40f069318cc\Coursework\Coursework\depthCube_vs.cso
  compilation object save succeeded; see D:\COMPUTER GAMES TECHNOLOGY\year 3\2021-22\ASSESSMENTS 2021-22\cmp301_coursework-1900264-f577dd01fab0da17e194f99d2bd6c40f069318cc\Coursework\Coursework\depth_vs.cso
  compilation object save succeeded; see D:\COMPUTER GAMES TECHNOLOGY\year 3\2021-22\ASSESSMENTS 2021-22\cmp301_coursework-1900264-f577dd01fab0da17e194f99d2bd6c40f069318cc\Coursework\Coursework\horizontalBlur_ps.cso
  compilation object save succeeded; see D:\COMPUTER GAMES TECHNOLOGY\year 3\2021-22\ASSESSMENTS 2021-22\cmp301_coursework-1900264-f577dd01fab0da17e194f99d2bd6c40f069318cc\Coursework\Coursework\moon_ps.cso
  compilation object save succeeded; see D:\COMPUTER GAMES TECHNOLOGY\year 3\2021-22\ASSESSMENTS 2021-22\cmp301_coursework-1900264-f577dd01fab0da17e194f99d2bd6c40f069318cc\Coursework\Coursework\default_vs.cso
D:\COMPUTER GAMES TECHNOLOGY\year 3\2021-22\ASSESSMENTS 2021-22\cmp301_coursework-1900264-f577dd01fab0da17e194f99d2bd6c40f069318cc\Coursework\Coursework\shadow_ps.hlsl(137,12-41): warning X3206: implicit truncation of vector type
D:\COMPUTER GAMES TECHNOLOGY\year 3\2021-22\ASSESSMENTS 2021-22\cmp301_coursework-1900264-f577dd01fab0da17e194f99d2bd6c40f069318cc\Coursework\Coursework\shadow_ps.hlsl(42,5): warning X4000: use of potentially uninitialized variable (hasDepthData)
D:\COMPUTER GAMES TECHNOLOGY\year 3\2021-22\ASSESSMENTS 2021-22\cmp301_coursework-1900264-f577dd01fab0da17e194f99d2bd6c40f069318cc\Coursework\Coursework\shadow_ps.hlsl(59,5): warning X4000: use of potentially uninitialized variable (isInShadow)
  
  compilation object save succeeded; see D:\COMPUTER GAMES TECHNOLOGY\year 3\2021-22\ASSESSMENTS 2021-22\cmp301_coursework-1900264-f577dd01fab0da17e194f99d2bd6c40f069318cc\Coursework\Coursework\shadow_ps.cso
  compilation object save succeeded; see D:\COMPUTER GAMES TECHNOLOGY\year 3\2021-22\ASSESSMENTS 2021-22\cmp301_coursework-1900264-f577dd01fab0da17e194f99d2bd6c40f069318cc\Coursework\Coursework\shadow_vs.cso
  compilation object save succeeded; see D:\COMPUTER GAMES TECHNOLOGY\year 3\2021-22\ASSESSMENTS 2021-22\cmp301_coursework-1900264-f577dd01fab0da17e194f99d2bd6c40f069318cc\Coursework\Coursework\thresholdBrightness_ps.cso
  compilation object save succeeded; see D:\COMPUTER GAMES TECHNOLOGY\year 3\2021-22\ASSESSMENTS 2021-22\cmp301_coursework-1900264-f577dd01fab0da17e194f99d2bd6c40f069318cc\Coursework\Coursework\verticalBlur_ps.cso
D:\COMPUTER GAMES TECHNOLOGY\year 3\2021-22\ASSESSMENTS 2021-22\cmp301_coursework-1900264-f577dd01fab0da17e194f99d2bd6c40f069318cc\Coursework\Coursework\wave_ps.hlsl(63,12-41): warning X3206: implicit truncation of vector type
  
  compilation object save succeeded; see D:\COMPUTER GAMES TECHNOLOGY\year 3\2021-22\ASSESSMENTS 2021-22\cmp301_coursework-1900264-f577dd01fab0da17e194f99d2bd6c40f069318cc\Coursework\Coursework\wave_ps.cso
  compilation object save succeeded; see D:\COMPUTER GAMES TECHNOLOGY\year 3\2021-22\ASSESSMENTS 2021-22\cmp301_coursework-1900264-f577dd01fab0da17e194f99d2bd6c40f069318cc\Coursework\Coursework\wave_vs.cso
  App1.cpp
D:\COMPUTER GAMES TECHNOLOGY\year 3\2021-22\ASSESSMENTS 2021-22\cmp301_coursework-1900264-f577dd01fab0da17e194f99d2bd6c40f069318cc\Coursework\Coursework\App1.cpp(38,51): warning C4305: 'argument': truncation from 'double' to 'float'
D:\COMPUTER GAMES TECHNOLOGY\year 3\2021-22\ASSESSMENTS 2021-22\cmp301_coursework-1900264-f577dd01fab0da17e194f99d2bd6c40f069318cc\Coursework\Coursework\App1.cpp(44,114): warning C4244: 'argument': conversion from 'float' to 'int', possible loss of data
D:\COMPUTER GAMES TECHNOLOGY\year 3\2021-22\ASSESSMENTS 2021-22\cmp301_coursework-1900264-f577dd01fab0da17e194f99d2bd6c40f069318cc\Coursework\Coursework\App1.cpp(44,108): warning C4244: 'argument': conversion from 'float' to 'int', possible loss of data
D:\COMPUTER GAMES TECHNOLOGY\year 3\2021-22\ASSESSMENTS 2021-22\cmp301_coursework-1900264-f577dd01fab0da17e194f99d2bd6c40f069318cc\Coursework\Coursework\App1.cpp(97,15): warning C4156: deletion of an array expression without using the array form of 'delete'; array form substituted
D:\COMPUTER GAMES TECHNOLOGY\year 3\2021-22\ASSESSMENTS 2021-22\cmp301_coursework-1900264-f577dd01fab0da17e194f99d2bd6c40f069318cc\Coursework\Coursework\App1.cpp(97,15): warning C4154: deletion of an array expression; conversion to pointer supplied
D:\COMPUTER GAMES TECHNOLOGY\year 3\2021-22\ASSESSMENTS 2021-22\cmp301_coursework-1900264-f577dd01fab0da17e194f99d2bd6c40f069318cc\Coursework\Coursework\App1.cpp(195,229): warning C4305: 'argument': truncation from 'double' to 'float'
D:\COMPUTER GAMES TECHNOLOGY\year 3\2021-22\ASSESSMENTS 2021-22\cmp301_coursework-1900264-f577dd01fab0da17e194f99d2bd6c40f069318cc\Coursework\Coursework\App1.cpp(262,103): warning C4244: 'argument': conversion from 'int' to 'float', possible loss of data
D:\COMPUTER GAMES TECHNOLOGY\year 3\2021-22\ASSESSMENTS 2021-22\cmp301_coursework-1900264-f577dd01fab0da17e194f99d2bd6c40f069318cc\Coursework\Coursework\App1.cpp(262,63): warning C4244: 'argument': conversion from 'int' to 'float', possible loss of data
D:\COMPUTER GAMES TECHNOLOGY\year 3\2021-22\ASSESSMENTS 2021-22\cmp301_coursework-1900264-f577dd01fab0da17e194f99d2bd6c40f069318cc\Coursework\Coursework\App1.cpp(321,229): warning C4305: 'argument': truncation from 'double' to 'float'
  BloomShader.cpp
  ThresholdCheckShader.cpp
  DepthCubeShader.cpp
D:\COMPUTER GAMES TECHNOLOGY\year 3\2021-22\ASSESSMENTS 2021-22\cmp301_coursework-1900264-f577dd01fab0da17e194f99d2bd6c40f069318cc\Coursework\Coursework\DepthCubeShader.cpp(41,20): warning C4101: 'lightBufferDesc': unreferenced local variable
  HorizontalBlurShader.cpp
  Island.cpp
D:\COMPUTER GAMES TECHNOLOGY\year 3\2021-22\ASSESSMENTS 2021-22\cmp301_coursework-1900264-f577dd01fab0da17e194f99d2bd6c40f069318cc\Coursework\Coursework\Island.cpp(151,136): warning C4244: 'argument': conversion from 'double' to 'float', possible loss of data
D:\COMPUTER GAMES TECHNOLOGY\year 3\2021-22\ASSESSMENTS 2021-22\cmp301_coursework-1900264-f577dd01fab0da17e194f99d2bd6c40f069318cc\Coursework\Coursework\Island.cpp(151,118): warning C4244: 'argument': conversion from 'double' to 'float', possible loss of data
D:\COMPUTER GAMES TECHNOLOGY\year 3\2021-22\ASSESSMENTS 2021-22\cmp301_coursework-1900264-f577dd01fab0da17e194f99d2bd6c40f069318cc\Coursework\Coursework\Island.cpp(151,100): warning C4244: 'argument': conversion from 'double' to 'float', possible loss of data
D:\COMPUTER GAMES TECHNOLOGY\year 3\2021-22\ASSESSMENTS 2021-22\cmp301_coursework-1900264-f577dd01fab0da17e194f99d2bd6c40f069318cc\Coursework\Coursework\Island.cpp(152,136): warning C4244: 'argument': conversion from 'double' to 'float', possible loss of data
D:\COMPUTER GAMES TECHNOLOGY\year 3\2021-22\ASSESSMENTS 2021-22\cmp301_coursework-1900264-f577dd01fab0da17e194f99d2bd6c40f069318cc\Coursework\Coursework\Island.cpp(152,118): warning C4244: 'argument': conversion from 'double' to 'float', possible loss of data
D:\COMPUTER GAMES TECHNOLOGY\year 3\2021-22\ASSESSMENTS 2021-22\cmp301_coursework-1900264-f577dd01fab0da17e194f99d2bd6c40f069318cc\Coursework\Coursework\Island.cpp(152,100): warning C4244: 'argument': conversion from 'double' to 'float', possible loss of data
D:\COMPUTER GAMES TECHNOLOGY\year 3\2021-22\ASSESSMENTS 2021-22\cmp301_coursework-1900264-f577dd01fab0da17e194f99d2bd6c40f069318cc\Coursework\Coursework\Island.cpp(153,136): warning C4244: 'argument': conversion from 'double' to 'float', possible loss of data
D:\COMPUTER GAMES TECHNOLOGY\year 3\2021-22\ASSESSMENTS 2021-22\cmp301_coursework-1900264-f577dd01fab0da17e194f99d2bd6c40f069318cc\Coursework\Coursework\Island.cpp(153,118): warning C4244: 'argument': conversion from 'double' to 'float', possible loss of data
D:\COMPUTER GAMES TECHNOLOGY\year 3\2021-22\ASSESSMENTS 2021-22\cmp301_coursework-1900264-f577dd01fab0da17e194f99d2bd6c40f069318cc\Coursework\Coursework\Island.cpp(153,100): warning C4244: 'argument': conversion from 'double' to 'float', possible loss of data
D:\COMPUTER GAMES TECHNOLOGY\year 3\2021-22\ASSESSMENTS 2021-22\cmp301_coursework-1900264-f577dd01fab0da17e194f99d2bd6c40f069318cc\Coursework\Coursework\Island.cpp(154,136): warning C4244: 'argument': conversion from 'double' to 'float', possible loss of data
D:\COMPUTER GAMES TECHNOLOGY\year 3\2021-22\ASSESSMENTS 2021-22\cmp301_coursework-1900264-f577dd01fab0da17e194f99d2bd6c40f069318cc\Coursework\Coursework\Island.cpp(154,118): warning C4244: 'argument': conversion from 'double' to 'float', possible loss of data
D:\COMPUTER GAMES TECHNOLOGY\year 3\2021-22\ASSESSMENTS 2021-22\cmp301_coursework-1900264-f577dd01fab0da17e194f99d2bd6c40f069318cc\Coursework\Coursework\Island.cpp(154,100): warning C4244: 'argument': conversion from 'double' to 'float', possible loss of data
D:\COMPUTER GAMES TECHNOLOGY\year 3\2021-22\ASSESSMENTS 2021-22\cmp301_coursework-1900264-f577dd01fab0da17e194f99d2bd6c40f069318cc\Coursework\Coursework\Island.cpp(155,136): warning C4244: 'argument': conversion from 'double' to 'float', possible loss of data
D:\COMPUTER GAMES TECHNOLOGY\year 3\2021-22\ASSESSMENTS 2021-22\cmp301_coursework-1900264-f577dd01fab0da17e194f99d2bd6c40f069318cc\Coursework\Coursework\Island.cpp(155,118): warning C4244: 'argument': conversion from 'double' to 'float', possible loss of data
D:\COMPUTER GAMES TECHNOLOGY\year 3\2021-22\ASSESSMENTS 2021-22\cmp301_coursework-1900264-f577dd01fab0da17e194f99d2bd6c40f069318cc\Coursework\Coursework\Island.cpp(155,100): warning C4244: 'argument': conversion from 'double' to 'float', possible loss of data
D:\COMPUTER GAMES TECHNOLOGY\year 3\2021-22\ASSESSMENTS 2021-22\cmp301_coursework-1900264-f577dd01fab0da17e194f99d2bd6c40f069318cc\Coursework\Coursework\Island.cpp(156,136): warning C4244: 'argument': conversion from 'double' to 'float', possible loss of data
D:\COMPUTER GAMES TECHNOLOGY\year 3\2021-22\ASSESSMENTS 2021-22\cmp301_coursework-1900264-f577dd01fab0da17e194f99d2bd6c40f069318cc\Coursework\Coursework\Island.cpp(156,118): warning C4244: 'argument': conversion from 'double' to 'float', possible loss of data
D:\COMPUTER GAMES TECHNOLOGY\year 3\2021-22\ASSESSMENTS 2021-22\cmp301_coursework-1900264-f577dd01fab0da17e194f99d2bd6c40f069318cc\Coursework\Coursework\Island.cpp(156,100): warning C4244: 'argument': conversion from 'double' to 'float', possible loss of data
D:\COMPUTER GAMES TECHNOLOGY\year 3\2021-22\ASSESSMENTS 2021-22\cmp301_coursework-1900264-f577dd01fab0da17e194f99d2bd6c40f069318cc\Coursework\Coursework\Island.cpp(214,71): warning C4305: 'argument': truncation from 'double' to 'float'
D:\COMPUTER GAMES TECHNOLOGY\year 3\2021-22\ASSESSMENTS 2021-22\cmp301_coursework-1900264-f577dd01fab0da17e194f99d2bd6c40f069318cc\Coursework\Coursework\Island.cpp(223,141): warning C4244: 'argument': conversion from 'double' to 'float', possible loss of data
D:\COMPUTER GAMES TECHNOLOGY\year 3\2021-22\ASSESSMENTS 2021-22\cmp301_coursework-1900264-f577dd01fab0da17e194f99d2bd6c40f069318cc\Coursework\Coursework\Island.cpp(272,71): warning C4305: 'argument': truncation from 'double' to 'float'
D:\COMPUTER GAMES TECHNOLOGY\year 3\2021-22\ASSESSMENTS 2021-22\cmp301_coursework-1900264-f577dd01fab0da17e194f99d2bd6c40f069318cc\Coursework\Coursework\Island.cpp(281,141): warning C4244: 'argument': conversion from 'double' to 'float', possible loss of data
  DepthShader.cpp
  Main.cpp
  MoonShader.cpp
  ShadowCubeMap.cpp
  ShadowShader.cpp
  VerticalBlurShader.cpp
  Water.cpp
  WaveShader.cpp
  Generating Code...
DXFramework.lib(DDSTextureLoader.obj) : warning LNK4099: PDB 'DirectXTK.pdb' was not found with 'DXFramework.lib(DDSTextureLoader.obj)' or at 'D:\COMPUTER GAMES TECHNOLOGY\year 3\2021-22\ASSESSMENTS 2021-22\cmp301_coursework-1900264-f577dd01fab0da17e194f99d2bd6c40f069318cc\Coursework\x64\Debug\DirectXTK.pdb'; linking object as if no debug info
DXFramework.lib(WICTextureLoader.obj) : warning LNK4099: PDB 'DirectXTK.pdb' was not found with 'DXFramework.lib(WICTextureLoader.obj)' or at 'D:\COMPUTER GAMES TECHNOLOGY\year 3\2021-22\ASSESSMENTS 2021-22\cmp301_coursework-1900264-f577dd01fab0da17e194f99d2bd6c40f069318cc\Coursework\x64\Debug\DirectXTK.pdb'; linking object as if no debug info
DXFramework.lib(pch.obj) : warning LNK4099: PDB 'DirectXTK.pdb' was not found with 'DXFramework.lib(pch.obj)' or at 'D:\COMPUTER GAMES TECHNOLOGY\year 3\2021-22\ASSESSMENTS 2021-22\cmp301_coursework-1900264-f577dd01fab0da17e194f99d2bd6c40f069318cc\Coursework\x64\Debug\DirectXTK.pdb'; linking object as if no debug info
  Coursework.vcxproj -> D:\COMPUTER GAMES TECHNOLOGY\year 3\2021-22\ASSESSMENTS 2021-22\cmp301_coursework-1900264-f577dd01fab0da17e194f99d2bd6c40f069318cc\Coursework\x64\Debug\Coursework.exe
