  imgui.cpp
  imgui_demo.cpp
  imgui_draw.cpp
  imgui_impl_dx11.cpp
  imgui_impl_win32.cpp
  AModel.cpp
  BaseApplication.cpp
  BaseMesh.cpp
  BaseShader.cpp
  Camera.cpp
  CubeMesh.cpp
  D3D.cpp
  FPCamera.cpp
  Input.cpp
  Light.cpp
  Model.cpp
  OrthoMesh.cpp
  PlaneMesh.cpp
  PointMesh.cpp
  QuadMesh.cpp
  Generating Code...
  Compiling...
  RenderTexture.cpp
  ShadowMap.cpp
  SphereMesh.cpp
  System.cpp
  TessellationMesh.cpp
  TextureManager.cpp
  Timer.cpp
  TokenStream.cpp
  TriangleMesh.cpp
  Generating Code...
  DXFramework.vcxproj -> D:\COMPUTER GAMES TECHNOLOGY\year 3\2021-22\ASSESSMENTS 2021-22\cmp301_coursework-1900264-f577dd01fab0da17e194f99d2bd6c40f069318cc\Coursework\lib\Debug\DXFramework.lib
